<?xml version='1.0' encoding='UTF-8'?>
<!DOCTYPE coverage SYSTEM 'http://cobertura.sourceforge.net/xml/coverage-04.dtd'>
<coverage line-rate="0.0" function-rate="0.0" branch-rate="0.0" lines-covered="0" lines-valid="1019" functions-covered="0" functions-valid="65" branches-covered="0" branches-valid="1108" complexity="0.0" timestamp="1649629037" version="gcovr 5.1">
  <sources>
    <source>/home/chris/Projects/Embedded/BassStation/BassStationSequencerSW/extern/cpp_fatfs</source>
  </sources>
  <packages>
    <package name="include" line-rate="0.0" function-rate="0.0" branch-rate="0.0" complexity="0.0">
      <classes>
        <class name="ff_driver_hidden_impl_hpp" filename="include/ff_driver_hidden_impl.hpp" line-rate="0.0" branch-rate="0.0" complexity="0.0">
          <methods/>
          <lines>
            <line number="56" hits="0" branch="false"/>
            <line number="58" hits="0" branch="false"/>
            <line number="61" hits="0" branch="true" condition-coverage="0% (0/2)">
              <conditions>
                <condition number="0" type="jump" coverage="0%"/>
              </conditions>
            </line>
            <line number="62" hits="0" branch="true" condition-coverage="0% (0/2)">
              <conditions>
                <condition number="0" type="jump" coverage="0%"/>
              </conditions>
            </line>
            <line number="63" hits="0" branch="false"/>
            <line number="64" hits="0" branch="true" condition-coverage="0% (0/2)">
              <conditions>
                <condition number="0" type="jump" coverage="0%"/>
              </conditions>
            </line>
            <line number="65" hits="0" branch="true" condition-coverage="0% (0/2)">
              <conditions>
                <condition number="0" type="jump" coverage="0%"/>
              </conditions>
            </line>
            <line number="68" hits="0" branch="false"/>
            <line number="71" hits="0" branch="false"/>
            <line number="76" hits="0" branch="false"/>
            <line number="78" hits="0" branch="false"/>
            <line number="81" hits="0" branch="true" condition-coverage="0% (0/8)">
              <conditions>
                <condition number="0" type="jump" coverage="0%"/>
              </conditions>
            </line>
            <line number="93" hits="0" branch="true" condition-coverage="0% (0/2)">
              <conditions>
                <condition number="0" type="jump" coverage="0%"/>
              </conditions>
            </line>
            <line number="94" hits="0" branch="false"/>
            <line number="98" hits="0" branch="true" condition-coverage="0% (0/2)">
              <conditions>
                <condition number="0" type="jump" coverage="0%"/>
              </conditions>
            </line>
            <line number="99" hits="0" branch="false"/>
            <line number="103" hits="0" branch="false"/>
            <line number="115" hits="0" branch="false"/>
            <line number="116" hits="0" branch="false"/>
            <line number="117" hits="0" branch="true" condition-coverage="0% (0/2)">
              <conditions>
                <condition number="0" type="jump" coverage="0%"/>
              </conditions>
            </line>
            <line number="120" hits="0" branch="false"/>
            <line number="121" hits="0" branch="true" condition-coverage="0% (0/2)">
              <conditions>
                <condition number="0" type="jump" coverage="0%"/>
              </conditions>
            </line>
            <line number="125" hits="0" branch="false"/>
            <line number="127" hits="0" branch="false"/>
            <line number="128" hits="0" branch="true" condition-coverage="0% (0/2)">
              <conditions>
                <condition number="0" type="jump" coverage="0%"/>
              </conditions>
            </line>
            <line number="129" hits="0" branch="false"/>
            <line number="130" hits="0" branch="true" condition-coverage="0% (0/2)">
              <conditions>
                <condition number="0" type="jump" coverage="0%"/>
              </conditions>
            </line>
            <line number="131" hits="0" branch="true" condition-coverage="0% (0/4)">
              <conditions>
                <condition number="0" type="jump" coverage="0%"/>
              </conditions>
            </line>
            <line number="132" hits="0" branch="false"/>
            <line number="134" hits="0" branch="false"/>
            <line number="141" hits="0" branch="false"/>
            <line number="142" hits="0" branch="false"/>
            <line number="143" hits="0" branch="false"/>
            <line number="144" hits="0" branch="true" condition-coverage="0% (0/2)">
              <conditions>
                <condition number="0" type="jump" coverage="0%"/>
              </conditions>
            </line>
            <line number="145" hits="0" branch="false"/>
            <line number="147" hits="0" branch="true" condition-coverage="0% (0/4)">
              <conditions>
                <condition number="0" type="jump" coverage="0%"/>
              </conditions>
            </line>
            <line number="148" hits="0" branch="false"/>
            <line number="156" hits="0" branch="false"/>
            <line number="157" hits="0" branch="true" condition-coverage="0% (0/2)">
              <conditions>
                <condition number="0" type="jump" coverage="0%"/>
              </conditions>
            </line>
            <line number="158" hits="0" branch="true" condition-coverage="0% (0/2)">
              <conditions>
                <condition number="0" type="jump" coverage="0%"/>
              </conditions>
            </line>
            <line number="159" hits="0" branch="false"/>
            <line number="227" hits="0" branch="true" condition-coverage="0% (0/2)">
              <conditions>
                <condition number="0" type="jump" coverage="0%"/>
              </conditions>
            </line>
            <line number="229" hits="0" branch="false"/>
            <line number="230" hits="0" branch="true" condition-coverage="0% (0/2)">
              <conditions>
                <condition number="0" type="jump" coverage="0%"/>
              </conditions>
            </line>
            <line number="231" hits="0" branch="false"/>
            <line number="233" hits="0" branch="false"/>
            <line number="234" hits="0" branch="true" condition-coverage="0% (0/4)">
              <conditions>
                <condition number="0" type="jump" coverage="0%"/>
              </conditions>
            </line>
            <line number="235" hits="0" branch="false"/>
            <line number="237" hits="0" branch="false"/>
            <line number="238" hits="0" branch="true" condition-coverage="0% (0/4)">
              <conditions>
                <condition number="0" type="jump" coverage="0%"/>
              </conditions>
            </line>
            <line number="240" hits="0" branch="false"/>
            <line number="241" hits="0" branch="true" condition-coverage="0% (0/2)">
              <conditions>
                <condition number="0" type="jump" coverage="0%"/>
              </conditions>
            </line>
            <line number="243" hits="0" branch="false"/>
            <line number="244" hits="0" branch="true" condition-coverage="0% (0/2)">
              <conditions>
                <condition number="0" type="jump" coverage="0%"/>
              </conditions>
            </line>
            <line number="246" hits="0" branch="false"/>
            <line number="247" hits="0" branch="true" condition-coverage="0% (0/2)">
              <conditions>
                <condition number="0" type="jump" coverage="0%"/>
              </conditions>
            </line>
            <line number="250" hits="0" branch="false"/>
            <line number="251" hits="0" branch="true" condition-coverage="0% (0/2)">
              <conditions>
                <condition number="0" type="jump" coverage="0%"/>
              </conditions>
            </line>
            <line number="252" hits="0" branch="false"/>
            <line number="253" hits="0" branch="true" condition-coverage="0% (0/2)">
              <conditions>
                <condition number="0" type="jump" coverage="0%"/>
              </conditions>
            </line>
            <line number="254" hits="0" branch="false"/>
            <line number="255" hits="0" branch="true" condition-coverage="0% (0/2)">
              <conditions>
                <condition number="0" type="jump" coverage="0%"/>
              </conditions>
            </line>
            <line number="256" hits="0" branch="true" condition-coverage="0% (0/2)">
              <conditions>
                <condition number="0" type="jump" coverage="0%"/>
              </conditions>
            </line>
            <line number="257" hits="0" branch="true" condition-coverage="0% (0/2)">
              <conditions>
                <condition number="0" type="jump" coverage="0%"/>
              </conditions>
            </line>
            <line number="258" hits="0" branch="true" condition-coverage="0% (0/2)">
              <conditions>
                <condition number="0" type="jump" coverage="0%"/>
              </conditions>
            </line>
            <line number="261" hits="0" branch="false"/>
            <line number="262" hits="0" branch="false"/>
            <line number="263" hits="0" branch="false"/>
            <line number="264" hits="0" branch="false"/>
            <line number="265" hits="0" branch="true" condition-coverage="0% (0/2)">
              <conditions>
                <condition number="0" type="jump" coverage="0%"/>
              </conditions>
            </line>
            <line number="266" hits="0" branch="true" condition-coverage="0% (0/2)">
              <conditions>
                <condition number="0" type="jump" coverage="0%"/>
              </conditions>
            </line>
            <line number="267" hits="0" branch="true" condition-coverage="0% (0/2)">
              <conditions>
                <condition number="0" type="jump" coverage="0%"/>
              </conditions>
            </line>
            <line number="268" hits="0" branch="false"/>
            <line number="269" hits="0" branch="false"/>
            <line number="271" hits="0" branch="true" condition-coverage="0% (0/2)">
              <conditions>
                <condition number="0" type="jump" coverage="0%"/>
              </conditions>
            </line>
            <line number="272" hits="0" branch="false"/>
            <line number="273" hits="0" branch="true" condition-coverage="0% (0/2)">
              <conditions>
                <condition number="0" type="jump" coverage="0%"/>
              </conditions>
            </line>
            <line number="274" hits="0" branch="false"/>
            <line number="276" hits="0" branch="true" condition-coverage="0% (0/2)">
              <conditions>
                <condition number="0" type="jump" coverage="0%"/>
              </conditions>
            </line>
            <line number="280" hits="0" branch="false"/>
            <line number="281" hits="0" branch="false"/>
            <line number="283" hits="0" branch="false"/>
            <line number="284" hits="0" branch="true" condition-coverage="0% (0/2)">
              <conditions>
                <condition number="0" type="jump" coverage="0%"/>
              </conditions>
            </line>
            <line number="285" hits="0" branch="true" condition-coverage="0% (0/6)">
              <conditions>
                <condition number="0" type="jump" coverage="0%"/>
              </conditions>
            </line>
            <line number="287" hits="0" branch="false"/>
            <line number="288" hits="0" branch="false"/>
            <line number="289" hits="0" branch="true" condition-coverage="0% (0/2)">
              <conditions>
                <condition number="0" type="jump" coverage="0%"/>
              </conditions>
            </line>
            <line number="290" hits="0" branch="true" condition-coverage="0% (0/6)">
              <conditions>
                <condition number="0" type="jump" coverage="0%"/>
              </conditions>
            </line>
            <line number="293" hits="0" branch="false"/>
            <line number="296" hits="0" branch="false"/>
            <line number="304" hits="0" branch="false"/>
            <line number="305" hits="0" branch="false"/>
            <line number="318" hits="0" branch="false"/>
            <line number="322" hits="0" branch="false"/>
            <line number="328" hits="0" branch="false"/>
            <line number="329" hits="0" branch="true" condition-coverage="0% (0/2)">
              <conditions>
                <condition number="0" type="jump" coverage="0%"/>
              </conditions>
            </line>
            <line number="330" hits="0" branch="false"/>
            <line number="334" hits="0" branch="false"/>
            <line number="335" hits="0" branch="true" condition-coverage="0% (0/6)">
              <conditions>
                <condition number="0" type="jump" coverage="0%"/>
              </conditions>
            </line>
            <line number="336" hits="0" branch="true" condition-coverage="0% (0/4)">
              <conditions>
                <condition number="0" type="jump" coverage="0%"/>
              </conditions>
            </line>
            <line number="337" hits="0" branch="false"/>
            <line number="340" hits="0" branch="false"/>
            <line number="341" hits="0" branch="false"/>
            <line number="342" hits="0" branch="true" condition-coverage="0% (0/4)">
              <conditions>
                <condition number="0" type="jump" coverage="0%"/>
              </conditions>
            </line>
            <line number="343" hits="0" branch="true" condition-coverage="0% (0/4)">
              <conditions>
                <condition number="0" type="jump" coverage="0%"/>
              </conditions>
            </line>
            <line number="344" hits="0" branch="true" condition-coverage="0% (0/2)">
              <conditions>
                <condition number="0" type="jump" coverage="0%"/>
              </conditions>
            </line>
            <line number="345" hits="0" branch="true" condition-coverage="0% (0/2)">
              <conditions>
                <condition number="0" type="jump" coverage="0%"/>
              </conditions>
            </line>
            <line number="346" hits="0" branch="true" condition-coverage="0% (0/2)">
              <conditions>
                <condition number="0" type="jump" coverage="0%"/>
              </conditions>
            </line>
            <line number="347" hits="0" branch="true" condition-coverage="0% (0/4)">
              <conditions>
                <condition number="0" type="jump" coverage="0%"/>
              </conditions>
            </line>
            <line number="348" hits="0" branch="true" condition-coverage="0% (0/6)">
              <conditions>
                <condition number="0" type="jump" coverage="0%"/>
              </conditions>
            </line>
            <line number="349" hits="0" branch="false"/>
            <line number="352" hits="0" branch="true" condition-coverage="0% (0/2)">
              <conditions>
                <condition number="0" type="jump" coverage="0%"/>
              </conditions>
            </line>
            <line number="357" hits="0" branch="false"/>
            <line number="363" hits="0" branch="true" condition-coverage="0% (0/2)">
              <conditions>
                <condition number="0" type="jump" coverage="0%"/>
              </conditions>
            </line>
            <line number="364" hits="0" branch="true" condition-coverage="0% (0/6)">
              <conditions>
                <condition number="0" type="jump" coverage="0%"/>
              </conditions>
            </line>
            <line number="391" hits="0" branch="true" condition-coverage="0% (0/2)">
              <conditions>
                <condition number="0" type="jump" coverage="0%"/>
              </conditions>
            </line>
            <line number="392" hits="0" branch="true" condition-coverage="0% (0/2)">
              <conditions>
                <condition number="0" type="jump" coverage="0%"/>
              </conditions>
            </line>
            <line number="394" hits="0" branch="true" condition-coverage="0% (0/2)">
              <conditions>
                <condition number="0" type="jump" coverage="0%"/>
              </conditions>
            </line>
            <line number="395" hits="0" branch="false"/>
            <line number="396" hits="0" branch="true" condition-coverage="0% (0/4)">
              <conditions>
                <condition number="0" type="jump" coverage="0%"/>
              </conditions>
            </line>
            <line number="397" hits="0" branch="true" condition-coverage="0% (0/8)">
              <conditions>
                <condition number="0" type="jump" coverage="0%"/>
              </conditions>
            </line>
            <line number="398" hits="0" branch="false"/>
            <line number="403" hits="0" branch="false"/>
            <line number="405" hits="0" branch="false"/>
            <line number="408" hits="0" branch="true" condition-coverage="0% (0/2)">
              <conditions>
                <condition number="0" type="jump" coverage="0%"/>
              </conditions>
            </line>
            <line number="410" hits="0" branch="false"/>
            <line number="412" hits="0" branch="true" condition-coverage="0% (0/2)">
              <conditions>
                <condition number="0" type="jump" coverage="0%"/>
              </conditions>
            </line>
            <line number="413" hits="0" branch="true" condition-coverage="0% (0/2)">
              <conditions>
                <condition number="0" type="jump" coverage="0%"/>
              </conditions>
            </line>
            <line number="414" hits="0" branch="false"/>
            <line number="415" hits="0" branch="false"/>
            <line number="417" hits="0" branch="false"/>
            <line number="420" hits="0" branch="false"/>
            <line number="426" hits="0" branch="false"/>
            <line number="431" hits="0" branch="false"/>
            <line number="432" hits="0" branch="true" condition-coverage="0% (0/2)">
              <conditions>
                <condition number="0" type="jump" coverage="0%"/>
              </conditions>
            </line>
            <line number="433" hits="0" branch="true" condition-coverage="0% (0/4)">
              <conditions>
                <condition number="0" type="jump" coverage="0%"/>
              </conditions>
            </line>
            <line number="435" hits="0" branch="false"/>
            <line number="436" hits="0" branch="false"/>
            <line number="437" hits="0" branch="false"/>
            <line number="438" hits="0" branch="false"/>
            <line number="439" hits="0" branch="false"/>
            <line number="440" hits="0" branch="false"/>
            <line number="441" hits="0" branch="false"/>
            <line number="442" hits="0" branch="false"/>
            <line number="443" hits="0" branch="false"/>
            <line number="446" hits="0" branch="true" condition-coverage="0% (0/2)">
              <conditions>
                <condition number="0" type="jump" coverage="0%"/>
              </conditions>
            </line>
            <line number="449" hits="0" branch="false"/>
            <line number="455" hits="0" branch="false"/>
            <line number="459" hits="0" branch="false"/>
            <line number="462" hits="0" branch="true" condition-coverage="0% (0/4)">
              <conditions>
                <condition number="0" type="jump" coverage="0%"/>
              </conditions>
            </line>
            <line number="463" hits="0" branch="false"/>
            <line number="466" hits="0" branch="false"/>
            <line number="468" hits="0" branch="true" condition-coverage="0% (0/4)">
              <conditions>
                <condition number="0" type="jump" coverage="0%"/>
              </conditions>
            </line>
            <line number="469" hits="0" branch="false"/>
            <line number="470" hits="0" branch="false"/>
            <line number="471" hits="0" branch="true" condition-coverage="0% (0/2)">
              <conditions>
                <condition number="0" type="jump" coverage="0%"/>
              </conditions>
            </line>
            <line number="472" hits="0" branch="false"/>
            <line number="473" hits="0" branch="true" condition-coverage="0% (0/2)">
              <conditions>
                <condition number="0" type="jump" coverage="0%"/>
              </conditions>
            </line>
            <line number="474" hits="0" branch="false"/>
            <line number="475" hits="0" branch="true" condition-coverage="0% (0/2)">
              <conditions>
                <condition number="0" type="jump" coverage="0%"/>
              </conditions>
            </line>
            <line number="476" hits="0" branch="false"/>
            <line number="478" hits="0" branch="false"/>
            <line number="479" hits="0" branch="true" condition-coverage="0% (0/2)">
              <conditions>
                <condition number="0" type="jump" coverage="0%"/>
              </conditions>
            </line>
            <line number="480" hits="0" branch="false"/>
            <line number="481" hits="0" branch="false"/>
            <line number="483" hits="0" branch="false"/>
            <line number="484" hits="0" branch="true" condition-coverage="0% (0/2)">
              <conditions>
                <condition number="0" type="jump" coverage="0%"/>
              </conditions>
            </line>
            <line number="485" hits="0" branch="false"/>
            <line number="486" hits="0" branch="false"/>
            <line number="514" hits="0" branch="false"/>
            <line number="515" hits="0" branch="false"/>
            <line number="519" hits="0" branch="false"/>
            <line number="526" hits="0" branch="false"/>
            <line number="530" hits="0" branch="false"/>
            <line number="533" hits="0" branch="true" condition-coverage="0% (0/4)">
              <conditions>
                <condition number="0" type="jump" coverage="0%"/>
              </conditions>
            </line>
            <line number="534" hits="0" branch="true" condition-coverage="0% (0/4)">
              <conditions>
                <condition number="0" type="jump" coverage="0%"/>
              </conditions>
            </line>
            <line number="535" hits="0" branch="false"/>
            <line number="536" hits="0" branch="false"/>
            <line number="537" hits="0" branch="false"/>
            <line number="538" hits="0" branch="true" condition-coverage="0% (0/2)">
              <conditions>
                <condition number="0" type="jump" coverage="0%"/>
              </conditions>
            </line>
            <line number="539" hits="0" branch="false"/>
            <line number="540" hits="0" branch="true" condition-coverage="0% (0/2)">
              <conditions>
                <condition number="0" type="jump" coverage="0%"/>
              </conditions>
            </line>
            <line number="541" hits="0" branch="false"/>
            <line number="542" hits="0" branch="false"/>
            <line number="543" hits="0" branch="true" condition-coverage="0% (0/2)">
              <conditions>
                <condition number="0" type="jump" coverage="0%"/>
              </conditions>
            </line>
            <line number="544" hits="0" branch="false"/>
            <line number="545" hits="0" branch="true" condition-coverage="0% (0/2)">
              <conditions>
                <condition number="0" type="jump" coverage="0%"/>
              </conditions>
            </line>
            <line number="546" hits="0" branch="false"/>
            <line number="547" hits="0" branch="false"/>
            <line number="549" hits="0" branch="false"/>
            <line number="550" hits="0" branch="false"/>
            <line number="551" hits="0" branch="true" condition-coverage="0% (0/2)">
              <conditions>
                <condition number="0" type="jump" coverage="0%"/>
              </conditions>
            </line>
            <line number="552" hits="0" branch="false"/>
            <line number="553" hits="0" branch="false"/>
            <line number="554" hits="0" branch="false"/>
            <line number="556" hits="0" branch="false"/>
            <line number="560" hits="0" branch="false"/>
            <line number="561" hits="0" branch="true" condition-coverage="0% (0/2)">
              <conditions>
                <condition number="0" type="jump" coverage="0%"/>
              </conditions>
            </line>
            <line number="563" hits="0" branch="false"/>
            <line number="565" hits="0" branch="false"/>
            <line number="566" hits="0" branch="false"/>
            <line number="567" hits="0" branch="false"/>
            <line number="570" hits="0" branch="false"/>
            <line number="677" hits="0" branch="false"/>
            <line number="679" hits="0" branch="false"/>
            <line number="681" hits="0" branch="false"/>
            <line number="689" hits="0" branch="true" condition-coverage="0% (0/4)">
              <conditions>
                <condition number="0" type="jump" coverage="0%"/>
              </conditions>
            </line>
            <line number="692" hits="0" branch="true" condition-coverage="0% (0/2)">
              <conditions>
                <condition number="0" type="jump" coverage="0%"/>
              </conditions>
            </line>
            <line number="693" hits="0" branch="false"/>
            <line number="694" hits="0" branch="true" condition-coverage="0% (0/2)">
              <conditions>
                <condition number="0" type="jump" coverage="0%"/>
              </conditions>
            </line>
            <line number="698" hits="0" branch="false"/>
            <line number="699" hits="0" branch="false"/>
            <line number="700" hits="0" branch="true" condition-coverage="0% (0/2)">
              <conditions>
                <condition number="0" type="jump" coverage="0%"/>
              </conditions>
            </line>
            <line number="701" hits="0" branch="true" condition-coverage="0% (0/2)">
              <conditions>
                <condition number="0" type="jump" coverage="0%"/>
              </conditions>
            </line>
            <line number="702" hits="0" branch="true" condition-coverage="0% (0/2)">
              <conditions>
                <condition number="0" type="jump" coverage="0%"/>
              </conditions>
            </line>
            <line number="704" hits="0" branch="false"/>
            <line number="705" hits="0" branch="true" condition-coverage="0% (0/2)">
              <conditions>
                <condition number="0" type="jump" coverage="0%"/>
              </conditions>
            </line>
            <line number="707" hits="0" branch="true" condition-coverage="0% (0/2)">
              <conditions>
                <condition number="0" type="jump" coverage="0%"/>
              </conditions>
            </line>
            <line number="708" hits="0" branch="false"/>
            <line number="709" hits="0" branch="false"/>
            <line number="729" hits="0" branch="false"/>
            <line number="730" hits="0" branch="true" condition-coverage="0% (0/2)">
              <conditions>
                <condition number="0" type="jump" coverage="0%"/>
              </conditions>
            </line>
            <line number="758" hits="0" branch="false"/>
            <line number="763" hits="0" branch="false"/>
            <line number="767" hits="0" branch="false"/>
            <line number="770" hits="0" branch="true" condition-coverage="0% (0/2)">
              <conditions>
                <condition number="0" type="jump" coverage="0%"/>
              </conditions>
            </line>
            <line number="771" hits="0" branch="false"/>
            <line number="772" hits="0" branch="true" condition-coverage="0% (0/4)">
              <conditions>
                <condition number="0" type="jump" coverage="0%"/>
              </conditions>
            </line>
            <line number="775" hits="0" branch="false"/>
            <line number="776" hits="0" branch="true" condition-coverage="0% (0/2)">
              <conditions>
                <condition number="0" type="jump" coverage="0%"/>
              </conditions>
            </line>
            <line number="777" hits="0" branch="true" condition-coverage="0% (0/2)">
              <conditions>
                <condition number="0" type="jump" coverage="0%"/>
              </conditions>
            </line>
            <line number="778" hits="0" branch="true" condition-coverage="0% (0/2)">
              <conditions>
                <condition number="0" type="jump" coverage="0%"/>
              </conditions>
            </line>
            <line number="779" hits="0" branch="false"/>
            <line number="781" hits="0" branch="true" condition-coverage="0% (0/2)">
              <conditions>
                <condition number="0" type="jump" coverage="0%"/>
              </conditions>
            </line>
            <line number="810" hits="0" branch="false"/>
            <line number="811" hits="0" branch="true" condition-coverage="0% (0/2)">
              <conditions>
                <condition number="0" type="jump" coverage="0%"/>
              </conditions>
            </line>
            <line number="812" hits="0" branch="false"/>
            <line number="813" hits="0" branch="true" condition-coverage="0% (0/2)">
              <conditions>
                <condition number="0" type="jump" coverage="0%"/>
              </conditions>
            </line>
            <line number="814" hits="0" branch="false"/>
            <line number="815" hits="0" branch="true" condition-coverage="0% (0/4)">
              <conditions>
                <condition number="0" type="jump" coverage="0%"/>
              </conditions>
            </line>
            <line number="816" hits="0" branch="true" condition-coverage="0% (0/2)">
              <conditions>
                <condition number="0" type="jump" coverage="0%"/>
              </conditions>
            </line>
            <line number="817" hits="0" branch="false"/>
            <line number="818" hits="0" branch="true" condition-coverage="0% (0/4)">
              <conditions>
                <condition number="0" type="jump" coverage="0%"/>
              </conditions>
            </line>
            <line number="819" hits="0" branch="false"/>
            <line number="822" hits="0" branch="true" condition-coverage="0% (0/2)">
              <conditions>
                <condition number="0" type="jump" coverage="0%"/>
              </conditions>
            </line>
            <line number="823" hits="0" branch="false"/>
            <line number="825" hits="0" branch="false"/>
            <line number="826" hits="0" branch="true" condition-coverage="0% (0/2)">
              <conditions>
                <condition number="0" type="jump" coverage="0%"/>
              </conditions>
            </line>
            <line number="827" hits="0" branch="false"/>
            <line number="828" hits="0" branch="true" condition-coverage="0% (0/2)">
              <conditions>
                <condition number="0" type="jump" coverage="0%"/>
              </conditions>
            </line>
            <line number="830" hits="0" branch="false"/>
            <line number="831" hits="0" branch="true" condition-coverage="0% (0/2)">
              <conditions>
                <condition number="0" type="jump" coverage="0%"/>
              </conditions>
            </line>
            <line number="832" hits="0" branch="true" condition-coverage="0% (0/4)">
              <conditions>
                <condition number="0" type="jump" coverage="0%"/>
              </conditions>
            </line>
            <line number="833" hits="0" branch="true" condition-coverage="0% (0/2)">
              <conditions>
                <condition number="0" type="jump" coverage="0%"/>
              </conditions>
            </line>
            <line number="836" hits="0" branch="false"/>
            <line number="837" hits="0" branch="true" condition-coverage="0% (0/4)">
              <conditions>
                <condition number="0" type="jump" coverage="0%"/>
              </conditions>
            </line>
            <line number="838" hits="0" branch="false"/>
            <line number="842" hits="0" branch="true" condition-coverage="0% (0/2)">
              <conditions>
                <condition number="0" type="jump" coverage="0%"/>
              </conditions>
            </line>
            <line number="843" hits="0" branch="false"/>
            <line number="844" hits="0" branch="true" condition-coverage="0% (0/2)">
              <conditions>
                <condition number="0" type="jump" coverage="0%"/>
              </conditions>
            </line>
            <line number="845" hits="0" branch="false"/>
            <line number="847" hits="0" branch="true" condition-coverage="0% (0/2)">
              <conditions>
                <condition number="0" type="jump" coverage="0%"/>
              </conditions>
            </line>
            <line number="850" hits="0" branch="false"/>
            <line number="857" hits="0" branch="false"/>
            <line number="864" hits="0" branch="true" condition-coverage="0% (0/2)">
              <conditions>
                <condition number="0" type="jump" coverage="0%"/>
              </conditions>
            </line>
            <line number="865" hits="0" branch="false"/>
            <line number="866" hits="0" branch="false"/>
            <line number="867" hits="0" branch="false"/>
            <line number="879" hits="0" branch="false"/>
            <line number="880" hits="0" branch="true" condition-coverage="0% (0/6)">
              <conditions>
                <condition number="0" type="jump" coverage="0%"/>
              </conditions>
            </line>
            <line number="882" hits="0" branch="false"/>
            <line number="888" hits="0" branch="false"/>
            <line number="891" hits="0" branch="false"/>
            <line number="894" hits="0" branch="true" condition-coverage="0% (0/4)">
              <conditions>
                <condition number="0" type="jump" coverage="0%"/>
              </conditions>
            </line>
            <line number="895" hits="0" branch="false"/>
            <line number="897" hits="0" branch="false"/>
            <line number="898" hits="0" branch="false"/>
            <line number="899" hits="0" branch="true" condition-coverage="0% (0/4)">
              <conditions>
                <condition number="0" type="jump" coverage="0%"/>
              </conditions>
            </line>
            <line number="900" hits="0" branch="false"/>
            <line number="904" hits="0" branch="true" condition-coverage="0% (0/2)">
              <conditions>
                <condition number="0" type="jump" coverage="0%"/>
              </conditions>
            </line>
            <line number="905" hits="0" branch="true" condition-coverage="0% (0/2)">
              <conditions>
                <condition number="0" type="jump" coverage="0%"/>
              </conditions>
            </line>
            <line number="906" hits="0" branch="false"/>
            <line number="909" hits="0" branch="false"/>
            <line number="910" hits="0" branch="true" condition-coverage="0% (0/2)">
              <conditions>
                <condition number="0" type="jump" coverage="0%"/>
              </conditions>
            </line>
            <line number="911" hits="0" branch="false"/>
            <line number="912" hits="0" branch="true" condition-coverage="0% (0/2)">
              <conditions>
                <condition number="0" type="jump" coverage="0%"/>
              </conditions>
            </line>
            <line number="913" hits="0" branch="true" condition-coverage="0% (0/4)">
              <conditions>
                <condition number="0" type="jump" coverage="0%"/>
              </conditions>
            </line>
            <line number="914" hits="0" branch="false"/>
            <line number="916" hits="0" branch="false"/>
            <line number="918" hits="0" branch="false"/>
            <line number="919" hits="0" branch="true" condition-coverage="0% (0/2)">
              <conditions>
                <condition number="0" type="jump" coverage="0%"/>
              </conditions>
            </line>
            <line number="920" hits="0" branch="false"/>
            <line number="921" hits="0" branch="false"/>
            <line number="923" hits="0" branch="false"/>
            <line number="927" hits="0" branch="false"/>
            <line number="930" hits="0" branch="false"/>
            <line number="933" hits="0" branch="false"/>
            <line number="934" hits="0" branch="true" condition-coverage="0% (0/2)">
              <conditions>
                <condition number="0" type="jump" coverage="0%"/>
              </conditions>
            </line>
            <line number="935" hits="0" branch="true" condition-coverage="0% (0/2)">
              <conditions>
                <condition number="0" type="jump" coverage="0%"/>
              </conditions>
            </line>
            <line number="937" hits="0" branch="true" condition-coverage="0% (0/2)">
              <conditions>
                <condition number="0" type="jump" coverage="0%"/>
              </conditions>
            </line>
            <line number="938" hits="0" branch="false"/>
            <line number="940" hits="0" branch="true" condition-coverage="0% (0/2)">
              <conditions>
                <condition number="0" type="jump" coverage="0%"/>
              </conditions>
            </line>
            <line number="941" hits="0" branch="true" condition-coverage="0% (0/2)">
              <conditions>
                <condition number="0" type="jump" coverage="0%"/>
              </conditions>
            </line>
            <line number="942" hits="0" branch="false"/>
            <line number="946" hits="0" branch="true" condition-coverage="0% (0/2)">
              <conditions>
                <condition number="0" type="jump" coverage="0%"/>
              </conditions>
            </line>
            <line number="947" hits="0" branch="false"/>
            <line number="948" hits="0" branch="true" condition-coverage="0% (0/2)">
              <conditions>
                <condition number="0" type="jump" coverage="0%"/>
              </conditions>
            </line>
            <line number="949" hits="0" branch="true" condition-coverage="0% (0/2)">
              <conditions>
                <condition number="0" type="jump" coverage="0%"/>
              </conditions>
            </line>
            <line number="950" hits="0" branch="true" condition-coverage="0% (0/2)">
              <conditions>
                <condition number="0" type="jump" coverage="0%"/>
              </conditions>
            </line>
            <line number="952" hits="0" branch="true" condition-coverage="0% (0/2)">
              <conditions>
                <condition number="0" type="jump" coverage="0%"/>
              </conditions>
            </line>
            <line number="953" hits="0" branch="false"/>
            <line number="955" hits="0" branch="false"/>
            <line number="956" hits="0" branch="true" condition-coverage="0% (0/2)">
              <conditions>
                <condition number="0" type="jump" coverage="0%"/>
              </conditions>
            </line>
            <line number="957" hits="0" branch="true" condition-coverage="0% (0/2)">
              <conditions>
                <condition number="0" type="jump" coverage="0%"/>
              </conditions>
            </line>
            <line number="958" hits="0" branch="true" condition-coverage="0% (0/2)">
              <conditions>
                <condition number="0" type="jump" coverage="0%"/>
              </conditions>
            </line>
            <line number="959" hits="0" branch="true" condition-coverage="0% (0/2)">
              <conditions>
                <condition number="0" type="jump" coverage="0%"/>
              </conditions>
            </line>
            <line number="966" hits="0" branch="false"/>
            <line number="967" hits="0" branch="false"/>
            <line number="971" hits="0" branch="false"/>
            <line number="972" hits="0" branch="false"/>
            <line number="974" hits="0" branch="false"/>
            <line number="983" hits="0" branch="false"/>
            <line number="987" hits="0" branch="false"/>
            <line number="990" hits="0" branch="false"/>
            <line number="991" hits="0" branch="true" condition-coverage="0% (0/2)">
              <conditions>
                <condition number="0" type="jump" coverage="0%"/>
              </conditions>
            </line>
            <line number="992" hits="0" branch="false"/>
            <line number="993" hits="0" branch="false"/>
            <line number="994" hits="0" branch="false"/>
            <line number="995" hits="0" branch="true" condition-coverage="0% (0/2)">
              <conditions>
                <condition number="0" type="jump" coverage="0%"/>
              </conditions>
            </line>
            <line number="999" hits="0" branch="true" condition-coverage="0% (0/4)">
              <conditions>
                <condition number="0" type="jump" coverage="0%"/>
              </conditions>
            </line>
            <line number="1001" hits="0" branch="true" condition-coverage="0% (0/2)">
              <conditions>
                <condition number="0" type="jump" coverage="0%"/>
              </conditions>
            </line>
            <line number="1003" hits="0" branch="false"/>
            <line number="1005" hits="0" branch="false"/>
            <line number="1006" hits="0" branch="true" condition-coverage="0% (0/2)">
              <conditions>
                <condition number="0" type="jump" coverage="0%"/>
              </conditions>
            </line>
            <line number="1009" hits="0" branch="true" condition-coverage="0% (0/2)">
              <conditions>
                <condition number="0" type="jump" coverage="0%"/>
              </conditions>
            </line>
            <line number="1010" hits="0" branch="false"/>
            <line number="1131" hits="0" branch="false"/>
            <line number="1133" hits="0" branch="false"/>
            <line number="1134" hits="0" branch="false"/>
            <line number="1140" hits="0" branch="true" condition-coverage="0% (0/2)">
              <conditions>
                <condition number="0" type="jump" coverage="0%"/>
              </conditions>
            </line>
            <line number="1141" hits="0" branch="false"/>
            <line number="1142" hits="0" branch="true" condition-coverage="0% (0/2)">
              <conditions>
                <condition number="0" type="jump" coverage="0%"/>
              </conditions>
            </line>
            <line number="1143" hits="0" branch="false"/>
            <line number="1144" hits="0" branch="true" condition-coverage="0% (0/2)">
              <conditions>
                <condition number="0" type="jump" coverage="0%"/>
              </conditions>
            </line>
            <line number="1145" hits="0" branch="false"/>
            <line number="1164" hits="0" branch="false"/>
            <line number="1185" hits="0" branch="true" condition-coverage="0% (0/8)">
              <conditions>
                <condition number="0" type="jump" coverage="0%"/>
              </conditions>
            </line>
            <line number="1186" hits="0" branch="false"/>
            <line number="1190" hits="0" branch="false"/>
            <line number="1191" hits="0" branch="true" condition-coverage="0% (0/2)">
              <conditions>
                <condition number="0" type="jump" coverage="0%"/>
              </conditions>
            </line>
            <line number="1194" hits="0" branch="true" condition-coverage="0% (0/2)">
              <conditions>
                <condition number="0" type="jump" coverage="0%"/>
              </conditions>
            </line>
            <line number="1195" hits="0" branch="false"/>
            <line number="1202" hits="0" branch="false"/>
            <line number="1205" hits="0" branch="false"/>
            <line number="1211" hits="0" branch="false"/>
            <line number="1212" hits="0" branch="true" condition-coverage="0% (0/2)">
              <conditions>
                <condition number="0" type="jump" coverage="0%"/>
              </conditions>
            </line>
            <line number="1237" hits="0" branch="false"/>
            <line number="1238" hits="0" branch="false"/>
            <line number="1239" hits="0" branch="true" condition-coverage="0% (0/2)">
              <conditions>
                <condition number="0" type="jump" coverage="0%"/>
              </conditions>
            </line>
            <line number="1240" hits="0" branch="false"/>
            <line number="1241" hits="0" branch="true" condition-coverage="0% (0/2)">
              <conditions>
                <condition number="0" type="jump" coverage="0%"/>
              </conditions>
            </line>
            <line number="1264" hits="0" branch="false"/>
            <line number="1265" hits="0" branch="true" condition-coverage="0% (0/4)">
              <conditions>
                <condition number="0" type="jump" coverage="0%"/>
              </conditions>
            </line>
            <line number="1267" hits="0" branch="false"/>
            <line number="1268" hits="0" branch="true" condition-coverage="0% (0/2)">
              <conditions>
                <condition number="0" type="jump" coverage="0%"/>
              </conditions>
            </line>
            <line number="1270" hits="0" branch="false"/>
            <line number="1279" hits="0" branch="false"/>
            <line number="1282" hits="0" branch="false"/>
            <line number="1354" hits="0" branch="false"/>
            <line number="1359" hits="0" branch="true" condition-coverage="0% (0/2)">
              <conditions>
                <condition number="0" type="jump" coverage="0%"/>
              </conditions>
            </line>
            <line number="1360" hits="0" branch="false"/>
            <line number="1361" hits="0" branch="true" condition-coverage="0% (0/2)">
              <conditions>
                <condition number="0" type="jump" coverage="0%"/>
              </conditions>
            </line>
            <line number="1362" hits="0" branch="false"/>
            <line number="1363" hits="0" branch="false"/>
            <line number="1367" hits="0" branch="false"/>
            <line number="1371" hits="0" branch="false"/>
            <line number="1381" hits="0" branch="false"/>
            <line number="1384" hits="0" branch="false"/>
            <line number="1406" hits="0" branch="false"/>
            <line number="1407" hits="0" branch="true" condition-coverage="0% (0/2)">
              <conditions>
                <condition number="0" type="jump" coverage="0%"/>
              </conditions>
            </line>
            <line number="1408" hits="0" branch="false"/>
            <line number="1409" hits="0" branch="false"/>
            <line number="1413" hits="0" branch="false"/>
            <line number="1419" hits="0" branch="false"/>
            <line number="1423" hits="0" branch="false"/>
            <line number="1432" hits="0" branch="true" condition-coverage="0% (0/4)">
              <conditions>
                <condition number="0" type="jump" coverage="0%"/>
              </conditions>
            </line>
            <line number="1433" hits="0" branch="false"/>
            <line number="1452" hits="0" branch="true" condition-coverage="0% (0/2)">
              <conditions>
                <condition number="0" type="jump" coverage="0%"/>
              </conditions>
            </line>
            <line number="1453" hits="0" branch="false"/>
            <line number="1454" hits="0" branch="false"/>
            <line number="1458" hits="0" branch="false"/>
            <line number="1459" hits="0" branch="true" condition-coverage="0% (0/2)">
              <conditions>
                <condition number="0" type="jump" coverage="0%"/>
              </conditions>
            </line>
            <line number="1460" hits="0" branch="false"/>
            <line number="1461" hits="0" branch="false"/>
            <line number="1462" hits="0" branch="true" condition-coverage="0% (0/2)">
              <conditions>
                <condition number="0" type="jump" coverage="0%"/>
              </conditions>
            </line>
            <line number="1463" hits="0" branch="true" condition-coverage="0% (0/2)">
              <conditions>
                <condition number="0" type="jump" coverage="0%"/>
              </conditions>
            </line>
            <line number="1469" hits="0" branch="true" condition-coverage="0% (0/2)">
              <conditions>
                <condition number="0" type="jump" coverage="0%"/>
              </conditions>
            </line>
            <line number="1472" hits="0" branch="false"/>
            <line number="1474" hits="0" branch="true" condition-coverage="0% (0/2)">
              <conditions>
                <condition number="0" type="jump" coverage="0%"/>
              </conditions>
            </line>
            <line number="1476" hits="0" branch="true" condition-coverage="0% (0/2)">
              <conditions>
                <condition number="0" type="jump" coverage="0%"/>
              </conditions>
            </line>
            <line number="1477" hits="0" branch="false"/>
            <line number="1488" hits="0" branch="false"/>
            <line number="1493" hits="0" branch="false"/>
          </lines>
        </class>
        <class name="ff_driver_hpp" filename="include/ff_driver.hpp" line-rate="0.0" branch-rate="0.0" complexity="0.0">
          <methods/>
          <lines>
            <line number="460" hits="0" branch="false"/>
            <line number="463" hits="0" branch="false"/>
          </lines>
        </class>
        <class name="ff_driver_public_impl_hpp" filename="include/ff_driver_public_impl.hpp" line-rate="0.0" branch-rate="0.0" complexity="0.0">
          <methods/>
          <lines>
            <line number="56" hits="0" branch="false"/>
            <line number="65" hits="0" branch="false"/>
            <line number="69" hits="0" branch="true" condition-coverage="0% (0/2)">
              <conditions>
                <condition number="0" type="jump" coverage="0%"/>
              </conditions>
            </line>
            <line number="70" hits="0" branch="true" condition-coverage="0% (0/2)">
              <conditions>
                <condition number="0" type="jump" coverage="0%"/>
              </conditions>
            </line>
            <line number="71" hits="0" branch="false"/>
            <line number="73" hits="0" branch="true" condition-coverage="0% (0/2)">
              <conditions>
                <condition number="0" type="jump" coverage="0%"/>
              </conditions>
            </line>
            <line number="84" hits="0" branch="false"/>
            <line number="87" hits="0" branch="true" condition-coverage="0% (0/2)">
              <conditions>
                <condition number="0" type="jump" coverage="0%"/>
              </conditions>
            </line>
            <line number="90" hits="0" branch="false"/>
            <line number="97" hits="0" branch="false"/>
            <line number="100" hits="0" branch="true" condition-coverage="0% (0/2)">
              <conditions>
                <condition number="0" type="jump" coverage="0%"/>
              </conditions>
            </line>
            <line number="103" hits="0" branch="true" condition-coverage="0% (0/2)">
              <conditions>
                <condition number="0" type="jump" coverage="0%"/>
              </conditions>
            </line>
            <line number="105" hits="0" branch="false"/>
            <line number="115" hits="0" branch="false"/>
            <line number="132" hits="0" branch="true" condition-coverage="0% (0/2)">
              <conditions>
                <condition number="0" type="jump" coverage="0%"/>
              </conditions>
            </line>
            <line number="135" hits="0" branch="false"/>
            <line number="136" hits="0" branch="true" condition-coverage="0% (0/2)">
              <conditions>
                <condition number="0" type="jump" coverage="0%"/>
              </conditions>
            </line>
            <line number="137" hits="0" branch="true" condition-coverage="0% (0/2)">
              <conditions>
                <condition number="0" type="jump" coverage="0%"/>
              </conditions>
            </line>
            <line number="138" hits="0" branch="false"/>
            <line number="140" hits="0" branch="true" condition-coverage="0% (0/2)">
              <conditions>
                <condition number="0" type="jump" coverage="0%"/>
              </conditions>
            </line>
            <line number="142" hits="0" branch="true" condition-coverage="0% (0/2)">
              <conditions>
                <condition number="0" type="jump" coverage="0%"/>
              </conditions>
            </line>
            <line number="143" hits="0" branch="true" condition-coverage="0% (0/2)">
              <conditions>
                <condition number="0" type="jump" coverage="0%"/>
              </conditions>
            </line>
            <line number="144" hits="0" branch="false"/>
            <line number="153" hits="0" branch="true" condition-coverage="0% (0/2)">
              <conditions>
                <condition number="0" type="jump" coverage="0%"/>
              </conditions>
            </line>
            <line number="154" hits="0" branch="true" condition-coverage="0% (0/2)">
              <conditions>
                <condition number="0" type="jump" coverage="0%"/>
              </conditions>
            </line>
            <line number="155" hits="0" branch="true" condition-coverage="0% (0/2)">
              <conditions>
                <condition number="0" type="jump" coverage="0%"/>
              </conditions>
            </line>
            <line number="159" hits="0" branch="true" condition-coverage="0% (0/2)">
              <conditions>
                <condition number="0" type="jump" coverage="0%"/>
              </conditions>
            </line>
            <line number="162" hits="0" branch="false"/>
            <line number="165" hits="0" branch="true" condition-coverage="0% (0/2)">
              <conditions>
                <condition number="0" type="jump" coverage="0%"/>
              </conditions>
            </line>
            <line number="166" hits="0" branch="false"/>
            <line number="168" hits="0" branch="true" condition-coverage="0% (0/2)">
              <conditions>
                <condition number="0" type="jump" coverage="0%"/>
              </conditions>
            </line>
            <line number="171" hits="0" branch="true" condition-coverage="0% (0/4)">
              <conditions>
                <condition number="0" type="jump" coverage="0%"/>
              </conditions>
            </line>
            <line number="192" hits="0" branch="false"/>
            <line number="193" hits="0" branch="true" condition-coverage="0% (0/2)">
              <conditions>
                <condition number="0" type="jump" coverage="0%"/>
              </conditions>
            </line>
            <line number="194" hits="0" branch="true" condition-coverage="0% (0/2)">
              <conditions>
                <condition number="0" type="jump" coverage="0%"/>
              </conditions>
            </line>
            <line number="195" hits="0" branch="true" condition-coverage="0% (0/2)">
              <conditions>
                <condition number="0" type="jump" coverage="0%"/>
              </conditions>
            </line>
            <line number="196" hits="0" branch="false"/>
            <line number="197" hits="0" branch="true" condition-coverage="0% (0/2)">
              <conditions>
                <condition number="0" type="jump" coverage="0%"/>
              </conditions>
            </line>
            <line number="198" hits="0" branch="true" condition-coverage="0% (0/2)">
              <conditions>
                <condition number="0" type="jump" coverage="0%"/>
              </conditions>
            </line>
            <line number="199" hits="0" branch="false"/>
            <line number="200" hits="0" branch="true" condition-coverage="0% (0/2)">
              <conditions>
                <condition number="0" type="jump" coverage="0%"/>
              </conditions>
            </line>
            <line number="201" hits="0" branch="false"/>
            <line number="202" hits="0" branch="true" condition-coverage="0% (0/2)">
              <conditions>
                <condition number="0" type="jump" coverage="0%"/>
              </conditions>
            </line>
            <line number="203" hits="0" branch="true" condition-coverage="0% (0/2)">
              <conditions>
                <condition number="0" type="jump" coverage="0%"/>
              </conditions>
            </line>
            <line number="204" hits="0" branch="true" condition-coverage="0% (0/2)">
              <conditions>
                <condition number="0" type="jump" coverage="0%"/>
              </conditions>
            </line>
            <line number="205" hits="0" branch="false"/>
            <line number="212" hits="0" branch="true" condition-coverage="0% (0/2)">
              <conditions>
                <condition number="0" type="jump" coverage="0%"/>
              </conditions>
            </line>
            <line number="213" hits="0" branch="true" condition-coverage="0% (0/2)">
              <conditions>
                <condition number="0" type="jump" coverage="0%"/>
              </conditions>
            </line>
            <line number="214" hits="0" branch="false"/>
            <line number="216" hits="0" branch="true" condition-coverage="0% (0/4)">
              <conditions>
                <condition number="0" type="jump" coverage="0%"/>
              </conditions>
            </line>
            <line number="217" hits="0" branch="false"/>
            <line number="222" hits="0" branch="true" condition-coverage="0% (0/2)">
              <conditions>
                <condition number="0" type="jump" coverage="0%"/>
              </conditions>
            </line>
            <line number="223" hits="0" branch="true" condition-coverage="0% (0/2)">
              <conditions>
                <condition number="0" type="jump" coverage="0%"/>
              </conditions>
            </line>
            <line number="224" hits="0" branch="false"/>
            <line number="225" hits="0" branch="false"/>
            <line number="243" hits="0" branch="true" condition-coverage="0% (0/2)">
              <conditions>
                <condition number="0" type="jump" coverage="0%"/>
              </conditions>
            </line>
            <line number="253" hits="0" branch="true" condition-coverage="0% (0/2)">
              <conditions>
                <condition number="0" type="jump" coverage="0%"/>
              </conditions>
            </line>
            <line number="254" hits="0" branch="true" condition-coverage="0% (0/2)">
              <conditions>
                <condition number="0" type="jump" coverage="0%"/>
              </conditions>
            </line>
            <line number="259" hits="0" branch="false"/>
            <line number="260" hits="0" branch="false"/>
            <line number="261" hits="0" branch="false"/>
            <line number="262" hits="0" branch="false"/>
            <line number="263" hits="0" branch="false"/>
            <line number="264" hits="0" branch="false"/>
            <line number="267" hits="0" branch="false"/>
            <line number="269" hits="0" branch="true" condition-coverage="0% (0/4)">
              <conditions>
                <condition number="0" type="jump" coverage="0%"/>
              </conditions>
            </line>
            <line number="270" hits="0" branch="false"/>
            <line number="271" hits="0" branch="false"/>
            <line number="272" hits="0" branch="false"/>
            <line number="273" hits="0" branch="true" condition-coverage="0% (0/4)">
              <conditions>
                <condition number="0" type="jump" coverage="0%"/>
              </conditions>
            </line>
            <line number="274" hits="0" branch="true" condition-coverage="0% (0/2)">
              <conditions>
                <condition number="0" type="jump" coverage="0%"/>
              </conditions>
            </line>
            <line number="275" hits="0" branch="true" condition-coverage="0% (0/2)">
              <conditions>
                <condition number="0" type="jump" coverage="0%"/>
              </conditions>
            </line>
            <line number="276" hits="0" branch="true" condition-coverage="0% (0/2)">
              <conditions>
                <condition number="0" type="jump" coverage="0%"/>
              </conditions>
            </line>
            <line number="278" hits="0" branch="false"/>
            <line number="279" hits="0" branch="true" condition-coverage="0% (0/4)">
              <conditions>
                <condition number="0" type="jump" coverage="0%"/>
              </conditions>
            </line>
            <line number="280" hits="0" branch="true" condition-coverage="0% (0/2)">
              <conditions>
                <condition number="0" type="jump" coverage="0%"/>
              </conditions>
            </line>
            <line number="281" hits="0" branch="true" condition-coverage="0% (0/2)">
              <conditions>
                <condition number="0" type="jump" coverage="0%"/>
              </conditions>
            </line>
            <line number="282" hits="0" branch="false"/>
            <line number="284" hits="0" branch="false"/>
            <line number="286" hits="0" branch="true" condition-coverage="0% (0/4)">
              <conditions>
                <condition number="0" type="jump" coverage="0%"/>
              </conditions>
            </line>
            <line number="300" hits="0" branch="true" condition-coverage="0% (0/2)">
              <conditions>
                <condition number="0" type="jump" coverage="0%"/>
              </conditions>
            </line>
            <line number="302" hits="0" branch="false"/>
            <line number="312" hits="0" branch="false"/>
            <line number="325" hits="0" branch="false"/>
            <line number="328" hits="0" branch="false"/>
            <line number="329" hits="0" branch="true" condition-coverage="0% (0/2)">
              <conditions>
                <condition number="0" type="jump" coverage="0%"/>
              </conditions>
            </line>
            <line number="330" hits="0" branch="true" condition-coverage="0% (0/6)">
              <conditions>
                <condition number="0" type="jump" coverage="0%"/>
              </conditions>
            </line>
            <line number="331" hits="0" branch="true" condition-coverage="0% (0/2)">
              <conditions>
                <condition number="0" type="jump" coverage="0%"/>
              </conditions>
            </line>
            <line number="332" hits="0" branch="false"/>
            <line number="333" hits="0" branch="true" condition-coverage="0% (0/2)">
              <conditions>
                <condition number="0" type="jump" coverage="0%"/>
              </conditions>
            </line>
            <line number="335" hits="0" branch="true" condition-coverage="0% (0/2)">
              <conditions>
                <condition number="0" type="jump" coverage="0%"/>
              </conditions>
            </line>
            <line number="336" hits="0" branch="true" condition-coverage="0% (0/2)">
              <conditions>
                <condition number="0" type="jump" coverage="0%"/>
              </conditions>
            </line>
            <line number="337" hits="0" branch="false"/>
            <line number="338" hits="0" branch="true" condition-coverage="0% (0/2)">
              <conditions>
                <condition number="0" type="jump" coverage="0%"/>
              </conditions>
            </line>
            <line number="339" hits="0" branch="true" condition-coverage="0% (0/2)">
              <conditions>
                <condition number="0" type="jump" coverage="0%"/>
              </conditions>
            </line>
            <line number="340" hits="0" branch="false"/>
            <line number="348" hits="0" branch="true" condition-coverage="0% (0/2)">
              <conditions>
                <condition number="0" type="jump" coverage="0%"/>
              </conditions>
            </line>
            <line number="351" hits="0" branch="true" condition-coverage="0% (0/2)">
              <conditions>
                <condition number="0" type="jump" coverage="0%"/>
              </conditions>
            </line>
            <line number="352" hits="0" branch="true" condition-coverage="0% (0/2)">
              <conditions>
                <condition number="0" type="jump" coverage="0%"/>
              </conditions>
            </line>
            <line number="353" hits="0" branch="false"/>
            <line number="355" hits="0" branch="true" condition-coverage="0% (0/2)">
              <conditions>
                <condition number="0" type="jump" coverage="0%"/>
              </conditions>
            </line>
            <line number="356" hits="0" branch="true" condition-coverage="0% (0/2)">
              <conditions>
                <condition number="0" type="jump" coverage="0%"/>
              </conditions>
            </line>
            <line number="357" hits="0" branch="false"/>
            <line number="358" hits="0" branch="false"/>
            <line number="359" hits="0" branch="true" condition-coverage="0% (0/2)">
              <conditions>
                <condition number="0" type="jump" coverage="0%"/>
              </conditions>
            </line>
            <line number="360" hits="0" branch="true" condition-coverage="0% (0/2)">
              <conditions>
                <condition number="0" type="jump" coverage="0%"/>
              </conditions>
            </line>
            <line number="361" hits="0" branch="false"/>
            <line number="363" hits="0" branch="true" condition-coverage="0% (0/4)">
              <conditions>
                <condition number="0" type="jump" coverage="0%"/>
              </conditions>
            </line>
            <line number="370" hits="0" branch="true" condition-coverage="0% (0/4)">
              <conditions>
                <condition number="0" type="jump" coverage="0%"/>
              </conditions>
            </line>
            <line number="371" hits="0" branch="false"/>
            <line number="375" hits="0" branch="false"/>
            <line number="376" hits="0" branch="false"/>
            <line number="379" hits="0" branch="true" condition-coverage="0% (0/2)">
              <conditions>
                <condition number="0" type="jump" coverage="0%"/>
              </conditions>
            </line>
            <line number="381" hits="0" branch="true" condition-coverage="0% (0/2)">
              <conditions>
                <condition number="0" type="jump" coverage="0%"/>
              </conditions>
            </line>
            <line number="382" hits="0" branch="true" condition-coverage="0% (0/4)">
              <conditions>
                <condition number="0" type="jump" coverage="0%"/>
              </conditions>
            </line>
            <line number="383" hits="0" branch="false"/>
            <line number="386" hits="0" branch="true" condition-coverage="0% (0/4)">
              <conditions>
                <condition number="0" type="jump" coverage="0%"/>
              </conditions>
            </line>
            <line number="389" hits="0" branch="false"/>
            <line number="391" hits="0" branch="false"/>
            <line number="392" hits="0" branch="true" condition-coverage="0% (0/2)">
              <conditions>
                <condition number="0" type="jump" coverage="0%"/>
              </conditions>
            </line>
            <line number="397" hits="0" branch="false"/>
            <line number="401" hits="0" branch="false"/>
            <line number="412" hits="0" branch="false"/>
            <line number="424" hits="0" branch="false"/>
            <line number="427" hits="0" branch="false"/>
            <line number="428" hits="0" branch="true" condition-coverage="0% (0/2)">
              <conditions>
                <condition number="0" type="jump" coverage="0%"/>
              </conditions>
            </line>
            <line number="429" hits="0" branch="true" condition-coverage="0% (0/6)">
              <conditions>
                <condition number="0" type="jump" coverage="0%"/>
              </conditions>
            </line>
            <line number="430" hits="0" branch="true" condition-coverage="0% (0/2)">
              <conditions>
                <condition number="0" type="jump" coverage="0%"/>
              </conditions>
            </line>
            <line number="433" hits="0" branch="true" condition-coverage="0% (0/2)">
              <conditions>
                <condition number="0" type="jump" coverage="0%"/>
              </conditions>
            </line>
            <line number="434" hits="0" branch="false"/>
            <line number="437" hits="0" branch="true" condition-coverage="0% (0/4)">
              <conditions>
                <condition number="0" type="jump" coverage="0%"/>
              </conditions>
            </line>
            <line number="438" hits="0" branch="true" condition-coverage="0% (0/2)">
              <conditions>
                <condition number="0" type="jump" coverage="0%"/>
              </conditions>
            </line>
            <line number="439" hits="0" branch="false"/>
            <line number="440" hits="0" branch="true" condition-coverage="0% (0/2)">
              <conditions>
                <condition number="0" type="jump" coverage="0%"/>
              </conditions>
            </line>
            <line number="441" hits="0" branch="true" condition-coverage="0% (0/2)">
              <conditions>
                <condition number="0" type="jump" coverage="0%"/>
              </conditions>
            </line>
            <line number="442" hits="0" branch="false"/>
            <line number="443" hits="0" branch="true" condition-coverage="0% (0/2)">
              <conditions>
                <condition number="0" type="jump" coverage="0%"/>
              </conditions>
            </line>
            <line number="444" hits="0" branch="true" condition-coverage="0% (0/2)">
              <conditions>
                <condition number="0" type="jump" coverage="0%"/>
              </conditions>
            </line>
            <line number="453" hits="0" branch="true" condition-coverage="0% (0/2)">
              <conditions>
                <condition number="0" type="jump" coverage="0%"/>
              </conditions>
            </line>
            <line number="456" hits="0" branch="true" condition-coverage="0% (0/2)">
              <conditions>
                <condition number="0" type="jump" coverage="0%"/>
              </conditions>
            </line>
            <line number="457" hits="0" branch="true" condition-coverage="0% (0/2)">
              <conditions>
                <condition number="0" type="jump" coverage="0%"/>
              </conditions>
            </line>
            <line number="458" hits="0" branch="true" condition-coverage="0% (0/2)">
              <conditions>
                <condition number="0" type="jump" coverage="0%"/>
              </conditions>
            </line>
            <line number="459" hits="0" branch="false"/>
            <line number="460" hits="0" branch="true" condition-coverage="0% (0/2)">
              <conditions>
                <condition number="0" type="jump" coverage="0%"/>
              </conditions>
            </line>
            <line number="465" hits="0" branch="true" condition-coverage="0% (0/2)">
              <conditions>
                <condition number="0" type="jump" coverage="0%"/>
              </conditions>
            </line>
            <line number="466" hits="0" branch="true" condition-coverage="0% (0/4)">
              <conditions>
                <condition number="0" type="jump" coverage="0%"/>
              </conditions>
            </line>
            <line number="467" hits="0" branch="false"/>
            <line number="470" hits="0" branch="true" condition-coverage="0% (0/2)">
              <conditions>
                <condition number="0" type="jump" coverage="0%"/>
              </conditions>
            </line>
            <line number="471" hits="0" branch="true" condition-coverage="0% (0/2)">
              <conditions>
                <condition number="0" type="jump" coverage="0%"/>
              </conditions>
            </line>
            <line number="472" hits="0" branch="false"/>
            <line number="473" hits="0" branch="false"/>
            <line number="474" hits="0" branch="true" condition-coverage="0% (0/2)">
              <conditions>
                <condition number="0" type="jump" coverage="0%"/>
              </conditions>
            </line>
            <line number="475" hits="0" branch="true" condition-coverage="0% (0/2)">
              <conditions>
                <condition number="0" type="jump" coverage="0%"/>
              </conditions>
            </line>
            <line number="476" hits="0" branch="false"/>
            <line number="478" hits="0" branch="true" condition-coverage="0% (0/4)">
              <conditions>
                <condition number="0" type="jump" coverage="0%"/>
              </conditions>
            </line>
            <line number="486" hits="0" branch="true" condition-coverage="0% (0/2)">
              <conditions>
                <condition number="0" type="jump" coverage="0%"/>
              </conditions>
            </line>
            <line number="487" hits="0" branch="false"/>
            <line number="488" hits="0" branch="false"/>
            <line number="492" hits="0" branch="false"/>
            <line number="493" hits="0" branch="false"/>
            <line number="501" hits="0" branch="false"/>
            <line number="502" hits="0" branch="true" condition-coverage="0% (0/6)">
              <conditions>
                <condition number="0" type="jump" coverage="0%"/>
              </conditions>
            </line>
            <line number="503" hits="0" branch="true" condition-coverage="0% (0/4)">
              <conditions>
                <condition number="0" type="jump" coverage="0%"/>
              </conditions>
            </line>
            <line number="504" hits="0" branch="false"/>
            <line number="507" hits="0" branch="false"/>
            <line number="509" hits="0" branch="false"/>
            <line number="510" hits="0" branch="true" condition-coverage="0% (0/2)">
              <conditions>
                <condition number="0" type="jump" coverage="0%"/>
              </conditions>
            </line>
            <line number="516" hits="0" branch="false"/>
            <line number="517" hits="0" branch="false"/>
            <line number="521" hits="0" branch="false"/>
            <line number="523" hits="0" branch="false"/>
            <line number="533" hits="0" branch="false"/>
            <line number="543" hits="0" branch="true" condition-coverage="0% (0/2)">
              <conditions>
                <condition number="0" type="jump" coverage="0%"/>
              </conditions>
            </line>
            <line number="544" hits="0" branch="true" condition-coverage="0% (0/2)">
              <conditions>
                <condition number="0" type="jump" coverage="0%"/>
              </conditions>
            </line>
            <line number="545" hits="0" branch="true" condition-coverage="0% (0/2)">
              <conditions>
                <condition number="0" type="jump" coverage="0%"/>
              </conditions>
            </line>
            <line number="547" hits="0" branch="true" condition-coverage="0% (0/2)">
              <conditions>
                <condition number="0" type="jump" coverage="0%"/>
              </conditions>
            </line>
            <line number="548" hits="0" branch="true" condition-coverage="0% (0/4)">
              <conditions>
                <condition number="0" type="jump" coverage="0%"/>
              </conditions>
            </line>
            <line number="549" hits="0" branch="false"/>
            <line number="553" hits="0" branch="false"/>
            <line number="586" hits="0" branch="true" condition-coverage="0% (0/2)">
              <conditions>
                <condition number="0" type="jump" coverage="0%"/>
              </conditions>
            </line>
            <line number="587" hits="0" branch="true" condition-coverage="0% (0/2)">
              <conditions>
                <condition number="0" type="jump" coverage="0%"/>
              </conditions>
            </line>
            <line number="588" hits="0" branch="false"/>
            <line number="589" hits="0" branch="false"/>
            <line number="590" hits="0" branch="true" condition-coverage="0% (0/2)">
              <conditions>
                <condition number="0" type="jump" coverage="0%"/>
              </conditions>
            </line>
            <line number="591" hits="0" branch="true" condition-coverage="0% (0/2)">
              <conditions>
                <condition number="0" type="jump" coverage="0%"/>
              </conditions>
            </line>
            <line number="592" hits="0" branch="true" condition-coverage="0% (0/2)">
              <conditions>
                <condition number="0" type="jump" coverage="0%"/>
              </conditions>
            </line>
            <line number="593" hits="0" branch="true" condition-coverage="0% (0/2)">
              <conditions>
                <condition number="0" type="jump" coverage="0%"/>
              </conditions>
            </line>
            <line number="594" hits="0" branch="false"/>
            <line number="595" hits="0" branch="true" condition-coverage="0% (0/2)">
              <conditions>
[...]
              </conditions>
            </line>
            <line number="1601" hits="0" branch="true" condition-coverage="0% (0/4)">
              <conditions>
                <condition number="0" type="jump" coverage="0%"/>
              </conditions>
            </line>
            <line number="1602" hits="0" branch="true" condition-coverage="0% (0/2)">
              <conditions>
                <condition number="0" type="jump" coverage="0%"/>
              </conditions>
            </line>
            <line number="1603" hits="0" branch="false"/>
            <line number="1606" hits="0" branch="true" condition-coverage="0% (0/2)">
              <conditions>
                <condition number="0" type="jump" coverage="0%"/>
              </conditions>
            </line>
            <line number="1607" hits="0" branch="false"/>
            <line number="1608" hits="0" branch="true" condition-coverage="0% (0/4)">
              <conditions>
                <condition number="0" type="jump" coverage="0%"/>
              </conditions>
            </line>
            <line number="1609" hits="0" branch="true" condition-coverage="0% (0/2)">
              <conditions>
                <condition number="0" type="jump" coverage="0%"/>
              </conditions>
            </line>
            <line number="1610" hits="0" branch="false"/>
            <line number="1617" hits="0" branch="true" condition-coverage="0% (0/2)">
              <conditions>
                <condition number="0" type="jump" coverage="0%"/>
              </conditions>
            </line>
            <line number="1618" hits="0" branch="true" condition-coverage="0% (0/2)">
              <conditions>
                <condition number="0" type="jump" coverage="0%"/>
              </conditions>
            </line>
            <line number="1619" hits="0" branch="true" condition-coverage="0% (0/2)">
              <conditions>
                <condition number="0" type="jump" coverage="0%"/>
              </conditions>
            </line>
            <line number="1620" hits="0" branch="true" condition-coverage="0% (0/2)">
              <conditions>
                <condition number="0" type="jump" coverage="0%"/>
              </conditions>
            </line>
            <line number="1628" hits="0" branch="false"/>
          </lines>
        </class>
      </classes>
    </package>
    <package name="include.diskio_layer.physical" line-rate="0.0" function-rate="0.0" branch-rate="0.0" complexity="0.0">
      <classes>
        <class name="diskio_hardware_base_hpp" filename="include/diskio_layer/physical/diskio_hardware_base.hpp" line-rate="0.0" branch-rate="0.0" complexity="0.0">
          <methods/>
          <lines>
            <line number="60" hits="0" branch="false"/>
          </lines>
        </class>
        <class name="diskio_hardware_mmc_hpp" filename="include/diskio_layer/physical/diskio_hardware_mmc.hpp" line-rate="0.0" branch-rate="0.0" complexity="0.0">
          <methods/>
          <lines>
            <line number="143" hits="0" branch="false"/>
            <line number="145" hits="0" branch="false"/>
          </lines>
        </class>
      </classes>
    </package>
    <package name="include.diskio_layer.protocol" line-rate="0.0" function-rate="0.0" branch-rate="0.0" complexity="0.0">
      <classes>
        <class name="diskio_protocol_spi_hpp" filename="include/diskio_layer/protocol/diskio_protocol_spi.hpp" line-rate="0.0" branch-rate="0.0" complexity="0.0">
          <methods/>
          <lines>
            <line number="71" hits="0" branch="false"/>
            <line number="75" hits="0" branch="false"/>
            <line number="114" hits="0" branch="false"/>
            <line number="118" hits="0" branch="false"/>
            <line number="119" hits="0" branch="false"/>
            <line number="120" hits="0" branch="false"/>
            <line number="123" hits="0" branch="false"/>
            <line number="126" hits="0" branch="false"/>
            <line number="128" hits="0" branch="false"/>
            <line number="131" hits="0" branch="true" condition-coverage="0% (0/2)">
              <conditions>
                <condition number="0" type="jump" coverage="0%"/>
              </conditions>
            </line>
            <line number="133" hits="0" branch="false"/>
            <line number="135" hits="0" branch="false"/>
            <line number="138" hits="0" branch="false"/>
            <line number="145" hits="0" branch="false"/>
            <line number="146" hits="0" branch="false"/>
          </lines>
        </class>
      </classes>
    </package>
    <package name="src" line-rate="0.0" function-rate="0.0" branch-rate="0.0" complexity="0.0">
      <classes>
        <class name="ff_driver_common_cpp" filename="src/ff_driver_common.cpp" line-rate="0.0" branch-rate="0.0" complexity="0.0">
          <methods/>
          <lines>
            <line number="69" hits="0" branch="false"/>
            <line number="73" hits="0" branch="false"/>
            <line number="74" hits="0" branch="false"/>
            <line number="75" hits="0" branch="false"/>
            <line number="78" hits="0" branch="false"/>
            <line number="82" hits="0" branch="false"/>
            <line number="83" hits="0" branch="false"/>
            <line number="84" hits="0" branch="false"/>
            <line number="85" hits="0" branch="false"/>
            <line number="86" hits="0" branch="false"/>
            <line number="107" hits="0" branch="false"/>
            <line number="109" hits="0" branch="false"/>
            <line number="110" hits="0" branch="false"/>
            <line number="113" hits="0" branch="false"/>
            <line number="115" hits="0" branch="false"/>
            <line number="116" hits="0" branch="false"/>
            <line number="117" hits="0" branch="false"/>
            <line number="118" hits="0" branch="false"/>
            <line number="141" hits="0" branch="false"/>
            <line number="154" hits="0" branch="true" condition-coverage="0% (0/2)">
              <conditions>
                <condition number="0" type="jump" coverage="0%"/>
              </conditions>
            </line>
            <line number="156" hits="0" branch="false"/>
            <line number="161" hits="0" branch="false"/>
            <line number="176" hits="0" branch="true" condition-coverage="0% (0/2)">
              <conditions>
                <condition number="0" type="jump" coverage="0%"/>
              </conditions>
            </line>
            <line number="178" hits="0" branch="false"/>
            <line number="475" hits="0" branch="false"/>
            <line number="480" hits="0" branch="false"/>
            <line number="481" hits="0" branch="true" condition-coverage="0% (0/2)">
              <conditions>
                <condition number="0" type="jump" coverage="0%"/>
              </conditions>
            </line>
            <line number="482" hits="0" branch="false"/>
            <line number="519" hits="0" branch="false"/>
            <line number="526" hits="0" branch="false"/>
            <line number="527" hits="0" branch="true" condition-coverage="0% (0/2)">
              <conditions>
                <condition number="0" type="jump" coverage="0%"/>
              </conditions>
            </line>
            <line number="528" hits="0" branch="false"/>
            <line number="531" hits="0" branch="false"/>
            <line number="536" hits="0" branch="false"/>
            <line number="542" hits="0" branch="false"/>
            <line number="543" hits="0" branch="true" condition-coverage="0% (0/2)">
              <conditions>
                <condition number="0" type="jump" coverage="0%"/>
              </conditions>
            </line>
            <line number="544" hits="0" branch="false"/>
            <line number="862" hits="0" branch="false"/>
            <line number="878" hits="0" branch="false"/>
            <line number="879" hits="0" branch="true" condition-coverage="0% (0/2)">
              <conditions>
                <condition number="0" type="jump" coverage="0%"/>
              </conditions>
            </line>
            <line number="968" hits="0" branch="false"/>
            <line number="969" hits="0" branch="true" condition-coverage="0% (0/2)">
              <conditions>
                <condition number="0" type="jump" coverage="0%"/>
              </conditions>
            </line>
            <line number="970" hits="0" branch="false"/>
            <line number="971" hits="0" branch="true" condition-coverage="0% (0/2)">
              <conditions>
                <condition number="0" type="jump" coverage="0%"/>
              </conditions>
            </line>
            <line number="972" hits="0" branch="true" condition-coverage="0% (0/2)">
              <conditions>
                <condition number="0" type="jump" coverage="0%"/>
              </conditions>
            </line>
            <line number="973" hits="0" branch="true" condition-coverage="0% (0/2)">
              <conditions>
                <condition number="0" type="jump" coverage="0%"/>
              </conditions>
            </line>
            <line number="974" hits="0" branch="false"/>
            <line number="976" hits="0" branch="false"/>
            <line number="979" hits="0" branch="false"/>
            <line number="980" hits="0" branch="false"/>
            <line number="981" hits="0" branch="false"/>
            <line number="982" hits="0" branch="false"/>
            <line number="1077" hits="0" branch="false"/>
            <line number="1214" hits="0" branch="false"/>
            <line number="1215" hits="0" branch="false"/>
            <line number="1216" hits="0" branch="false"/>
            <line number="1231" hits="0" branch="false"/>
            <line number="1232" hits="0" branch="true" condition-coverage="0% (0/2)">
              <conditions>
                <condition number="0" type="jump" coverage="0%"/>
              </conditions>
            </line>
            <line number="1233" hits="0" branch="true" condition-coverage="0% (0/4)">
              <conditions>
                <condition number="0" type="jump" coverage="0%"/>
              </conditions>
            </line>
            <line number="1234" hits="0" branch="true" condition-coverage="0% (0/4)">
              <conditions>
                <condition number="0" type="jump" coverage="0%"/>
              </conditions>
            </line>
            <line number="1235" hits="0" branch="false"/>
            <line number="1237" hits="0" branch="true" condition-coverage="0% (0/4)">
              <conditions>
                <condition number="0" type="jump" coverage="0%"/>
              </conditions>
            </line>
            <line number="1238" hits="0" branch="true" condition-coverage="0% (0/4)">
              <conditions>
                <condition number="0" type="jump" coverage="0%"/>
              </conditions>
            </line>
            <line number="1239" hits="0" branch="false"/>
            <line number="1240" hits="0" branch="false"/>
            <line number="1247" hits="0" branch="true" condition-coverage="0% (0/2)">
              <conditions>
                <condition number="0" type="jump" coverage="0%"/>
              </conditions>
            </line>
            <line number="1248" hits="0" branch="false"/>
            <line number="1251" hits="0" branch="true" condition-coverage="0% (0/2)">
              <conditions>
                <condition number="0" type="jump" coverage="0%"/>
              </conditions>
            </line>
            <line number="1252" hits="0" branch="false"/>
            <line number="1253" hits="0" branch="true" condition-coverage="0% (0/6)">
              <conditions>
                <condition number="0" type="jump" coverage="0%"/>
              </conditions>
            </line>
            <line number="1254" hits="0" branch="false"/>
            <line number="1255" hits="0" branch="false"/>
            <line number="1257" hits="0" branch="true" condition-coverage="0% (0/2)">
              <conditions>
                <condition number="0" type="jump" coverage="0%"/>
              </conditions>
            </line>
            <line number="1258" hits="0" branch="true" condition-coverage="0% (0/2)">
              <conditions>
                <condition number="0" type="jump" coverage="0%"/>
              </conditions>
            </line>
            <line number="1259" hits="0" branch="false"/>
            <line number="1262" hits="0" branch="false"/>
            <line number="1263" hits="0" branch="true" condition-coverage="0% (0/2)">
              <conditions>
                <condition number="0" type="jump" coverage="0%"/>
              </conditions>
            </line>
            <line number="1265" hits="0" branch="true" condition-coverage="0% (0/2)">
              <conditions>
                <condition number="0" type="jump" coverage="0%"/>
              </conditions>
            </line>
            <line number="1266" hits="0" branch="true" condition-coverage="0% (0/4)">
              <conditions>
                <condition number="0" type="jump" coverage="0%"/>
              </conditions>
            </line>
            <line number="1268" hits="0" branch="false"/>
            <line number="1277" hits="0" branch="false"/>
            <line number="1284" hits="0" branch="false"/>
            <line number="1290" hits="0" branch="false"/>
            <line number="1291" hits="0" branch="true" condition-coverage="0% (0/2)">
              <conditions>
                <condition number="0" type="jump" coverage="0%"/>
              </conditions>
            </line>
            <line number="1292" hits="0" branch="true" condition-coverage="0% (0/4)">
              <conditions>
                <condition number="0" type="jump" coverage="0%"/>
              </conditions>
            </line>
            <line number="1294" hits="0" branch="true" condition-coverage="0% (0/2)">
              <conditions>
                <condition number="0" type="jump" coverage="0%"/>
              </conditions>
            </line>
            <line number="1295" hits="0" branch="false"/>
            <line number="1296" hits="0" branch="true" condition-coverage="0% (0/6)">
              <conditions>
                <condition number="0" type="jump" coverage="0%"/>
              </conditions>
            </line>
            <line number="1297" hits="0" branch="false"/>
            <line number="1312" hits="0" branch="true" condition-coverage="0% (0/2)">
              <conditions>
                <condition number="0" type="jump" coverage="0%"/>
              </conditions>
            </line>
            <line number="1313" hits="0" branch="false"/>
            <line number="1314" hits="0" branch="false"/>
            <line number="1316" hits="0" branch="false"/>
            <line number="1341" hits="0" branch="false"/>
            <line number="1343" hits="0" branch="false"/>
          </lines>
        </class>
      </classes>
    </package>
    <package name="src.diskio_layer.implementation" line-rate="0.0" function-rate="0.0" branch-rate="0.0" complexity="0.0">
      <classes>
        <class name="diskio_mmc_spi_cpp" filename="src/diskio_layer/implementation/diskio_mmc_spi.cpp" line-rate="0.0" branch-rate="0.0" complexity="0.0">
          <methods/>
          <lines>
            <line number="45" hits="0" branch="false"/>
            <line number="48" hits="0" branch="true" condition-coverage="0% (0/2)">
              <conditions>
                <condition number="0" type="jump" coverage="0%"/>
              </conditions>
            </line>
            <line number="51" hits="0" branch="false"/>
            <line number="55" hits="0" branch="false"/>
            <line number="60" hits="0" branch="true" condition-coverage="0% (0/2)">
              <conditions>
                <condition number="0" type="jump" coverage="0%"/>
              </conditions>
            </line>
            <line number="63" hits="0" branch="true" condition-coverage="0% (0/2)">
              <conditions>
                <condition number="0" type="jump" coverage="0%"/>
              </conditions>
            </line>
            <line number="67" hits="0" branch="false"/>
            <line number="69" hits="0" branch="false"/>
            <line number="70" hits="0" branch="true" condition-coverage="0% (0/2)">
              <conditions>
                <condition number="0" type="jump" coverage="0%"/>
              </conditions>
            </line>
            <line number="73" hits="0" branch="false"/>
            <line number="77" hits="0" branch="false"/>
            <line number="78" hits="0" branch="false"/>
            <line number="79" hits="0" branch="false"/>
            <line number="80" hits="0" branch="false"/>
            <line number="81" hits="0" branch="false"/>
            <line number="82" hits="0" branch="false"/>
            <line number="83" hits="0" branch="false"/>
            <line number="84" hits="0" branch="false"/>
            <line number="86" hits="0" branch="false"/>
            <line number="87" hits="0" branch="true" condition-coverage="0% (0/2)">
              <conditions>
                <condition number="0" type="jump" coverage="0%"/>
              </conditions>
            </line>
            <line number="89" hits="0" branch="false"/>
            <line number="90" hits="0" branch="false"/>
            <line number="91" hits="0" branch="false"/>
            <line number="97" hits="0" branch="false"/>
            <line number="98" hits="0" branch="false"/>
            <line number="99" hits="0" branch="false"/>
            <line number="100" hits="0" branch="false"/>
            <line number="101" hits="0" branch="false"/>
            <line number="102" hits="0" branch="false"/>
            <line number="104" hits="0" branch="false"/>
            <line number="107" hits="0" branch="false"/>
            <line number="109" hits="0" branch="false"/>
            <line number="114" hits="0" branch="false"/>
            <line number="117" hits="0" branch="false"/>
            <line number="121" hits="0" branch="false"/>
            <line number="124" hits="0" branch="false"/>
            <line number="125" hits="0" branch="false"/>
            <line number="126" hits="0" branch="false"/>
            <line number="130" hits="0" branch="false"/>
            <line number="137" hits="0" branch="false"/>
            <line number="138" hits="0" branch="false"/>
            <line number="142" hits="0" branch="false"/>
            <line number="149" hits="0" branch="false"/>
            <line number="150" hits="0" branch="false"/>
            <line number="154" hits="0" branch="false"/>
            <line number="160" hits="0" branch="false"/>
            <line number="161" hits="0" branch="false"/>
          </lines>
        </class>
        <class name="diskio_usb_cpp" filename="src/diskio_layer/implementation/diskio_usb.cpp" line-rate="0.0" branch-rate="0.0" complexity="0.0">
          <methods/>
          <lines>
            <line number="50" hits="0" branch="false"/>
            <line number="52" hits="0" branch="false"/>
            <line number="53" hits="0" branch="false"/>
            <line number="57" hits="0" branch="false"/>
            <line number="59" hits="0" branch="false"/>
            <line number="60" hits="0" branch="false"/>
            <line number="64" hits="0" branch="false"/>
            <line number="70" hits="0" branch="false"/>
            <line number="74" hits="0" branch="false"/>
            <line number="80" hits="0" branch="false"/>
            <line number="84" hits="0" branch="false"/>
            <line number="89" hits="0" branch="false"/>
          </lines>
        </class>
      </classes>
    </package>
  </packages>
</coverage>
